2021-11-22 13:14:17,497 [main] INFO  com.revature.banking.util.AppState - Initializing application...
2021-11-22 13:14:17,504 [main] INFO  com.revature.banking.util.AppState - Successful application initialized!
2021-11-22 13:14:18,066 [main] INFO  com.revature.banking.orm.utils.CrudORM - app_users exists.
2021-11-22 13:14:18,355 [main] INFO  com.revature.banking.orm.utils.CrudORM - bank_accounts exists.
2021-11-22 13:16:54,865 [main] INFO  com.revature.banking.util.AppState - Initializing application...
2021-11-22 13:16:54,871 [main] INFO  com.revature.banking.util.AppState - Successful application initialized!
2021-11-22 13:16:55,429 [main] INFO  com.revature.banking.orm.utils.CrudORM - app_users -- table already exists.
2021-11-22 13:16:55,737 [main] INFO  com.revature.banking.orm.utils.CrudORM - bank_accounts -- table already exists.
2021-11-23 07:43:11,035 [main] INFO  com.revature.banking.util.AppState - Initializing application...
2021-11-23 07:43:11,044 [main] INFO  com.revature.banking.util.AppState - Successful application initialized!
2021-11-23 07:43:12,343 [main] INFO  com.revature.banking.orm.utils.CrudORM - app_users -- table already exists.
2021-11-23 07:43:12,543 [main] INFO  com.revature.banking.orm.utils.CrudORM - bank_accounts -- table already exists.
2021-11-23 08:52:30,197 [main] INFO  com.revature.banking.util.AppState - Initializing application...
2021-11-23 08:52:30,204 [main] INFO  com.revature.banking.util.AppState - Successful application initialized!
2021-11-23 08:52:31,016 [main] INFO  com.revature.banking.orm.utils.CrudORM - app_users -- table already exists.
2021-11-23 08:52:31,244 [main] INFO  com.revature.banking.orm.utils.CrudORM - bank_accounts -- table already exists.
2021-11-23 10:37:07,341 [main] INFO  com.revature.banking.util.AppState - Initializing application...
2021-11-23 10:37:07,351 [main] INFO  com.revature.banking.util.AppState - Successful application initialized!
2021-11-23 10:37:08,375 [main] INFO  com.revature.banking.orm.utils.CrudORM - app_users -- table already exists.
2021-11-23 10:37:08,633 [main] INFO  com.revature.banking.orm.utils.CrudORM - bank_accounts -- table already exists.
2021-11-23 14:08:12,824 [main] INFO  com.revature.banking.util.AppState - Initializing application...
2021-11-23 14:08:12,831 [main] INFO  com.revature.banking.util.AppState - Successful application initialized!
2021-11-23 14:08:13,984 [main] INFO  com.revature.banking.orm.utils.CrudORM - bank_accounts -- table already exists.
2021-11-23 14:08:34,892 [main] INFO  com.revature.banking.util.AppState - Initializing application...
2021-11-23 14:08:34,899 [main] INFO  com.revature.banking.util.AppState - Successful application initialized!
2021-11-23 14:08:36,079 [main] INFO  com.revature.banking.orm.utils.CrudORM - bank_accounts -- table already exists.
2021-11-23 14:09:20,771 [main] INFO  com.revature.banking.util.AppState - Initializing application...
2021-11-23 14:09:20,777 [main] INFO  com.revature.banking.util.AppState - Successful application initialized!
2021-11-23 14:09:21,908 [main] INFO  com.revature.banking.orm.utils.CrudORM - bank_accounts -- table already exists.
2021-11-23 14:09:41,810 [main] INFO  com.revature.banking.util.AppState - Initializing application...
2021-11-23 14:09:41,816 [main] INFO  com.revature.banking.util.AppState - Successful application initialized!
2021-11-23 14:09:42,925 [main] INFO  com.revature.banking.orm.utils.CrudORM - bank_accounts -- table already exists.
2021-11-23 14:10:14,487 [main] INFO  com.revature.banking.util.AppState - Initializing application...
2021-11-23 14:10:14,493 [main] INFO  com.revature.banking.util.AppState - Successful application initialized!
2021-11-23 14:10:15,672 [main] INFO  com.revature.banking.orm.utils.CrudORM - bank_accounts -- table already exists.
2021-11-23 14:10:30,996 [main] INFO  com.revature.banking.util.AppState - Initializing application...
2021-11-23 14:10:31,003 [main] INFO  com.revature.banking.util.AppState - Successful application initialized!
2021-11-23 14:10:38,072 [main] INFO  com.revature.banking.orm.utils.CrudORM - bank_accounts -- table already exists.
2021-11-23 14:10:58,045 [main] INFO  com.revature.banking.util.AppState - Initializing application...
2021-11-23 14:10:58,054 [main] INFO  com.revature.banking.util.AppState - Successful application initialized!
2021-11-23 14:13:12,366 [main] INFO  com.revature.banking.orm.utils.CrudORM - bank_accounts -- table already exists.
2021-11-23 14:14:46,408 [main] INFO  com.revature.banking.util.AppState - Initializing application...
2021-11-23 14:14:46,414 [main] INFO  com.revature.banking.util.AppState - Successful application initialized!
2021-11-23 14:15:14,211 [main] INFO  com.revature.banking.orm.utils.CrudORM - bank_accounts -- table already exists.
2021-11-23 14:15:26,682 [main] INFO  com.revature.banking.util.AppState - Initializing application...
2021-11-23 14:15:26,689 [main] INFO  com.revature.banking.util.AppState - Successful application initialized!
2021-11-23 14:15:32,945 [main] INFO  com.revature.banking.orm.utils.CrudORM - bank_accounts -- table does not exist.
2021-11-23 14:15:49,884 [main] INFO  com.revature.banking.orm.utils.CrudORM -  CREATE TABLE banking.bank_accounts ( bank_account_id varchar NOT NULL , account_name varchar ( 255) NOT NULL , account_number varchar ( 255) NOT NULL , account_type varchar ( 255) NOT NULL , balance float8 NOT NULL Default 0.00, creator_id varchar ( 255) NOT NULL , date_added timestamp NOT NULL Default LOCALTIMESTAMP, CONSTRAINT bank_accounts_bank_account_id_pk PRIMARY KEY (bank_account_id), CONSTRAINT bank_accounts_account_name_key UNIQUE (account_name), CONSTRAINT bank_accounts_account_name_check Check (((account_name)::text <> ''::text)), CONSTRAINT bank_accounts_account_number_key UNIQUE (account_number), CONSTRAINT bank_accounts_account_number_check Check (((account_number)::text <> ''::text)), CONSTRAINT bank_accounts_account_type_check Check (((account_type)::text <> ''::text)), CONSTRAINT bank_accounts_creator_id_check Check (((creator_id)::text <> ''::text)), CONSTRAINT bank_accounts_creator_id_fk FOREIGN KEY (creator_id) REFERENCES banking.app_users(user_id) ); 
2021-11-23 14:16:11,455 [main] INFO  com.revature.banking.util.AppState - Initializing application...
2021-11-23 14:16:11,461 [main] INFO  com.revature.banking.util.AppState - Successful application initialized!
2021-11-23 14:16:20,197 [main] INFO  com.revature.banking.orm.utils.CrudORM - bank_accounts -- table does not exist.
2021-11-23 14:16:20,197 [main] INFO  com.revature.banking.orm.utils.CrudORM -  CREATE TABLE banking.bank_accounts ( bank_account_id varchar NOT NULL , account_name varchar ( 255) NOT NULL , account_number varchar ( 255) NOT NULL , account_type varchar ( 255) NOT NULL , balance float8 NOT NULL Default 0.00, creator_id varchar ( 255) NOT NULL , date_added timestamp NOT NULL Default LOCALTIMESTAMP, CONSTRAINT bank_accounts_bank_account_id_pk PRIMARY KEY (bank_account_id), CONSTRAINT bank_accounts_account_name_key UNIQUE (account_name), CONSTRAINT bank_accounts_account_name_check Check (((account_name)::text <> ''::text)), CONSTRAINT bank_accounts_account_number_key UNIQUE (account_number), CONSTRAINT bank_accounts_account_number_check Check (((account_number)::text <> ''::text)), CONSTRAINT bank_accounts_account_type_check Check (((account_type)::text <> ''::text)), CONSTRAINT bank_accounts_creator_id_check Check (((creator_id)::text <> ''::text)), CONSTRAINT bank_accounts_creator_id_fk FOREIGN KEY (creator_id) REFERENCES banking.app_users(user_id) ); 
2021-11-23 14:17:26,594 [main] INFO  com.revature.banking.util.AppState - Initializing application...
2021-11-23 14:17:26,599 [main] INFO  com.revature.banking.util.AppState - Successful application initialized!
2021-11-23 14:17:27,696 [main] INFO  com.revature.banking.orm.utils.CrudORM - bank_accounts -- table does not exist.
2021-11-23 14:17:27,696 [main] INFO  com.revature.banking.orm.utils.CrudORM -  CREATE TABLE banking.bank_accounts ( bank_account_id varchar NOT NULL , account_name varchar ( 255) NOT NULL , account_number varchar ( 255) NOT NULL , account_type varchar ( 255) NOT NULL , balance float8 NOT NULL Default 0.00, creator_id varchar ( 255) NOT NULL , date_added timestamp NOT NULL Default LOCALTIMESTAMP, CONSTRAINT bank_accounts_bank_account_id_pk PRIMARY KEY (bank_account_id), CONSTRAINT bank_accounts_account_name_key UNIQUE (account_name), CONSTRAINT bank_accounts_account_name_check Check (((account_name)::text <> ''::text)), CONSTRAINT bank_accounts_account_number_key UNIQUE (account_number), CONSTRAINT bank_accounts_account_number_check Check (((account_number)::text <> ''::text)), CONSTRAINT bank_accounts_account_type_check Check (((account_type)::text <> ''::text)), CONSTRAINT bank_accounts_creator_id_check Check (((creator_id)::text <> ''::text)), CONSTRAINT bank_accounts_creator_id_fk FOREIGN KEY (creator_id) REFERENCES banking.app_users(user_id) ); 
2021-11-23 14:21:24,353 [main] INFO  com.revature.banking.util.AppState - Initializing application...
2021-11-23 14:21:24,359 [main] INFO  com.revature.banking.util.AppState - Successful application initialized!
2021-11-23 14:21:25,589 [main] INFO  com.revature.banking.orm.utils.CrudORM - app_users -- table does not exist.
2021-11-23 14:21:25,589 [main] INFO  com.revature.banking.orm.utils.CrudORM -  CREATE TABLE banking.app_users ( user_id varchar NOT NULL00 , first_name varchar ( 25) NOT NULL , last_name varchar ( 25) NOT NULL , email varchar ( 255) NOT NULL , username varchar ( 255) NOT NULL , password varchar ( 255) NOT NULL , date_added timestamp NOT NULL Default LOCALTIMESTAMP, CONSTRAINT app_users_user_id_pk PRIMARY KEY (user_id), CONSTRAINT app_users_first_name_check Check (((first_name)::text <> ''::text)), CONSTRAINT app_users_last_name_check Check (((last_name)::text <> ''::text)), CONSTRAINT app_users_email_key UNIQUE (email), CONSTRAINT app_users_email_check Check (((email)::text <> ''::text)), CONSTRAINT app_users_username_key UNIQUE (username), CONSTRAINT app_users_username_check Check (((username)::text <> ''::text)), CONSTRAINT app_users_password_check Check (((password)::text <> ''::text)) ); 
2021-11-23 14:36:10,403 [main] INFO  com.revature.banking.util.AppState - Initializing application...
2021-11-23 14:36:10,410 [main] INFO  com.revature.banking.util.AppState - Successful application initialized!
2021-11-23 14:36:10,428 [main] INFO  com.revature.banking.orm.utils.CrudORM - +----------------------------------------------------------*
2021-11-23 14:36:10,430 [main] INFO  com.revature.banking.orm.utils.CrudORM - Found <<--- 2 --->> target classes.

2021-11-23 14:36:10,430 [main] INFO  com.revature.banking.orm.utils.CrudORM - +----------------------------------------------------------*
2021-11-23 14:36:11,542 [main] INFO  com.revature.banking.orm.utils.CrudORM - app_users -- table does not exist.
2021-11-23 14:36:11,543 [main] INFO  com.revature.banking.orm.utils.CrudORM -  CREATE TABLE banking.app_users ( user_id varchar NOT NULL , first_name varchar ( 25) NOT NULL , last_name varchar ( 25) NOT NULL , email varchar ( 255) NOT NULL , username varchar ( 255) NOT NULL , password varchar ( 255) NOT NULL , date_added timestamp NOT NULL Default LOCALTIMESTAMP, CONSTRAINT app_users_user_id_pk PRIMARY KEY (user_id), CONSTRAINT app_users_first_name_check Check (((first_name)::text <> ''::text)), CONSTRAINT app_users_last_name_check Check (((last_name)::text <> ''::text)), CONSTRAINT app_users_email_key UNIQUE (email), CONSTRAINT app_users_email_check Check (((email)::text <> ''::text)), CONSTRAINT app_users_username_key UNIQUE (username), CONSTRAINT app_users_username_check Check (((username)::text <> ''::text)), CONSTRAINT app_users_password_check Check (((password)::text <> ''::text)) ); 
2021-11-23 14:36:11,793 [main] INFO  com.revature.banking.orm.utils.CrudORM - bank_accounts -- table does not exist.
2021-11-23 14:36:11,793 [main] INFO  com.revature.banking.orm.utils.CrudORM -  CREATE TABLE banking.bank_accounts ( bank_account_id varchar NOT NULL , account_name varchar ( 255) NOT NULL , account_number varchar ( 255) NOT NULL , account_type varchar ( 255) NOT NULL , balance float8 NOT NULL Default 0.00, creator_id varchar ( 255) NOT NULL , date_added timestamp NOT NULL Default LOCALTIMESTAMP, CONSTRAINT bank_accounts_bank_account_id_pk PRIMARY KEY (bank_account_id), CONSTRAINT bank_accounts_account_name_key UNIQUE (account_name), CONSTRAINT bank_accounts_account_name_check Check (((account_name)::text <> ''::text)), CONSTRAINT bank_accounts_account_number_key UNIQUE (account_number), CONSTRAINT bank_accounts_account_number_check Check (((account_number)::text <> ''::text)), CONSTRAINT bank_accounts_account_type_check Check (((account_type)::text <> ''::text)), CONSTRAINT bank_accounts_creator_id_check Check (((creator_id)::text <> ''::text)), CONSTRAINT bank_accounts_creator_id_fk FOREIGN KEY (creator_id) REFERENCES banking.app_users(user_id) ); 
2021-11-24 11:05:01,438 [main] INFO  com.revature.banking.util.AppState - Initializing application...
2021-11-24 11:05:01,444 [main] INFO  com.revature.banking.util.AppState - Successful application initialized!
2021-11-24 11:05:53,432 [main] INFO  com.revature.banking.orm.utils.CrudORM - insert into banking.app_users( user_id, first_name, last_name, email, username, password) values (?, ?, ?, ?, ?, ?)
2021-11-24 11:06:08,549 [main] INFO  com.revature.banking.util.AppState - Initializing application...
2021-11-24 11:06:08,555 [main] INFO  com.revature.banking.util.AppState - Successful application initialized!
2021-11-24 11:06:25,478 [main] INFO  com.revature.banking.orm.utils.CrudORM - insert into banking.app_users( user_id, first_name, last_name, email, username, password) values (?, ?, ?, ?, ?, ?)
2021-11-24 11:11:03,627 [main] INFO  com.revature.banking.util.AppState - Initializing application...
2021-11-24 11:11:03,633 [main] INFO  com.revature.banking.util.AppState - Successful application initialized!
2021-11-24 11:12:42,536 [main] INFO  com.revature.banking.util.AppState - Initializing application...
2021-11-24 11:12:42,542 [main] INFO  com.revature.banking.util.AppState - Successful application initialized!
2021-11-24 11:12:43,353 [main] INFO  com.revature.banking.orm.utils.CrudORM - insert into banking.app_users( user_id, first_name, last_name, email, username, password) values (?, ?, ?, ?, ?, ?)
2021-11-24 14:55:22,676 [main] INFO  com.revature.banking.util.AppState - Initializing application...
2021-11-24 14:55:22,682 [main] INFO  com.revature.banking.util.AppState - Successful application initialized!
2021-11-24 14:55:23,436 [main] INFO  com.revature.banking.orm.utils.CrudORM - insert into banking.app_users( user_id, first_name, last_name, email, username, password) values (?, ?, ?, ?, ?, ?)
2021-11-24 14:57:19,277 [main] INFO  com.revature.banking.util.AppState - Initializing application...
2021-11-24 14:57:19,285 [main] INFO  com.revature.banking.util.AppState - Successful application initialized!
2021-11-24 14:57:20,057 [main] INFO  com.revature.banking.orm.utils.CrudORM - delete from banking.app_users where first_name = 'valid';
