Wed Nov 17 13:47:10 PST 2021 Initializing application...
Wed Nov 17 13:47:10 PST 2021 Application initialized! Taking you to account screen...
Wed Nov 17 13:47:10 PST 2021 Registration unsuccessful.
Wed Nov 17 14:04:10 PST 2021 Initializing application...
Wed Nov 17 14:04:10 PST 2021 Attempting to View Balance...
Wed Nov 17 14:04:10 PST 2021 Attempting to deposit...
Wed Nov 17 14:04:10 PST 2021 Attempting to withdraw...
Wed Nov 17 14:04:10 PST 2021 Application initialized! Taking you to account screen...
Wed Nov 17 14:04:48 PST 2021 Initializing application...
Wed Nov 17 14:04:48 PST 2021 Attempting to deposit...
Wed Nov 17 14:04:48 PST 2021 Attempting to withdraw...
Wed Nov 17 14:04:48 PST 2021 Application initialized! Taking you to account screen...
Wed Nov 17 14:05:45 PST 2021 Initializing application...
Wed Nov 17 14:05:45 PST 2021 Application initialized! Taking you to account screen...
Wed Nov 17 14:05:45 PST 2021 Attempting to View Balance...
Wed Nov 17 14:05:45 PST 2021 Check Balance successful!
Wed Nov 17 14:05:45 PST 2021 Attempting to deposit...
Wed Nov 17 14:09:44 PST 2021 Initializing application...
Wed Nov 17 14:09:44 PST 2021 Application initialized! Taking you to account screen...
Wed Nov 17 14:13:18 PST 2021 Initializing application...
Wed Nov 17 14:13:18 PST 2021 Application initialized! Taking you to account screen...
Wed Nov 17 14:13:18 PST 2021 Attempting to login...
Wed Nov 17 14:13:18 PST 2021 Login failed.
Wed Nov 17 14:13:18 PST 2021 Attempting to login...
Wed Nov 17 14:13:18 PST 2021 Login Successful!
Wed Nov 17 14:40:38 PST 2021 Initializing application...
Wed Nov 17 14:40:38 PST 2021 Application initialized! Taking you to account screen...
Wed Nov 17 14:40:38 PST 2021 Registration unsuccessful.
